<?xml version="1.0" encoding="UTF-8"?>
<testsuite name="no.hvl.dat250.jpa.tutorial.creditcards.driver.CreditCardsMainTest" tests="1" skipped="0" failures="0" errors="0" timestamp="2024-10-13T12:33:16" hostname="penguin-B" time="1.148">
  <properties/>
  <testcase name="testDomainModelPersistence()" classname="no.hvl.dat250.jpa.tutorial.creditcards.driver.CreditCardsMainTest" time="1.148"/>
  <system-out><![CDATA[Hibernate: 
    drop table if exists Address cascade 
Hibernate: 
    drop table if exists Bank cascade 
Hibernate: 
    drop table if exists CreditCard cascade 
Hibernate: 
    drop table if exists Customer cascade 
Hibernate: 
    drop table if exists customer_address cascade 
Hibernate: 
    drop table if exists customer_creditcard cascade 
Hibernate: 
    drop table if exists Pincode cascade 
Hibernate: 
    create table Address (
        number integer,
        id bigint generated by default as identity,
        street varchar(255),
        primary key (id)
    )
Hibernate: 
    create table Bank (
        id bigint generated by default as identity,
        name varchar(255),
        primary key (id)
    )
Hibernate: 
    create table CreditCard (
        balance integer,
        creditLimit integer,
        number integer,
        bank_id bigint,
        id bigint generated by default as identity,
        pincode_id bigint,
        primary key (id)
    )
Hibernate: 
    create table Customer (
        id bigint generated by default as identity,
        name varchar(255),
        primary key (id)
    )
Hibernate: 
    create table customer_address (
        address_id bigint not null,
        customer_id bigint not null,
        primary key (address_id, customer_id)
    )
Hibernate: 
    create table customer_creditcard (
        creditcard_id bigint not null,
        customer_id bigint not null,
        primary key (creditcard_id, customer_id)
    )
Hibernate: 
    create table Pincode (
        count integer,
        id bigint generated by default as identity,
        pincode varchar(255),
        primary key (id)
    )
Hibernate: 
    alter table if exists CreditCard 
       add constraint FKe2wqhnxpkjp87b3eyfq6gl39a 
       foreign key (bank_id) 
       references Bank
Hibernate: 
    alter table if exists CreditCard 
       add constraint FKfky0y471d7n8cebc1oe28idci 
       foreign key (pincode_id) 
       references Pincode
Hibernate: 
    alter table if exists customer_address 
       add constraint FK4n1t9cnxhkev5vdbedu0ao068 
       foreign key (address_id) 
       references Address
Hibernate: 
    alter table if exists customer_address 
       add constraint FK7dy564lg4tac3m50d3ws4mhc4 
       foreign key (customer_id) 
       references Customer
Hibernate: 
    alter table if exists customer_creditcard 
       add constraint FKbqtt4y8vkl6a0hk4ud19wci0g 
       foreign key (creditcard_id) 
       references CreditCard
Hibernate: 
    alter table if exists customer_creditcard 
       add constraint FKfjq2xyx1jh83r4h1t7f18kxj 
       foreign key (customer_id) 
       references Customer
Hibernate: 
    drop table if exists Address cascade 
Hibernate: 
    drop table if exists Bank cascade 
Hibernate: 
    drop table if exists CreditCard cascade 
Hibernate: 
    drop table if exists Customer cascade 
Hibernate: 
    drop table if exists customer_address cascade 
Hibernate: 
    drop table if exists customer_creditcard cascade 
Hibernate: 
    drop table if exists Pincode cascade 
Hibernate: 
    create table Address (
        number integer,
        id bigint generated by default as identity,
        street varchar(255),
        primary key (id)
    )
Hibernate: 
    create table Bank (
        id bigint generated by default as identity,
        name varchar(255),
        primary key (id)
    )
Hibernate: 
    create table CreditCard (
        balance integer,
        creditLimit integer,
        number integer,
        bank_id bigint,
        id bigint generated by default as identity,
        pincode_id bigint,
        primary key (id)
    )
Hibernate: 
    create table Customer (
        id bigint generated by default as identity,
        name varchar(255),
        primary key (id)
    )
Hibernate: 
    create table customer_address (
        address_id bigint not null,
        customer_id bigint not null,
        primary key (address_id, customer_id)
    )
Hibernate: 
    create table customer_creditcard (
        creditcard_id bigint not null,
        customer_id bigint not null,
        primary key (creditcard_id, customer_id)
    )
Hibernate: 
    create table Pincode (
        count integer,
        id bigint generated by default as identity,
        pincode varchar(255),
        primary key (id)
    )
Hibernate: 
    alter table if exists CreditCard 
       add constraint FKe2wqhnxpkjp87b3eyfq6gl39a 
       foreign key (bank_id) 
       references Bank
Hibernate: 
    alter table if exists CreditCard 
       add constraint FKfky0y471d7n8cebc1oe28idci 
       foreign key (pincode_id) 
       references Pincode
Hibernate: 
    alter table if exists customer_address 
       add constraint FK4n1t9cnxhkev5vdbedu0ao068 
       foreign key (address_id) 
       references Address
Hibernate: 
    alter table if exists customer_address 
       add constraint FK7dy564lg4tac3m50d3ws4mhc4 
       foreign key (customer_id) 
       references Customer
Hibernate: 
    alter table if exists customer_creditcard 
       add constraint FKbqtt4y8vkl6a0hk4ud19wci0g 
       foreign key (creditcard_id) 
       references CreditCard
Hibernate: 
    alter table if exists customer_creditcard 
       add constraint FKfjq2xyx1jh83r4h1t7f18kxj 
       foreign key (customer_id) 
       references Customer
Hibernate: 
    /* insert for
        no.hvl.dat250.jpa.tutorial.creditcards.Address */insert 
    into
        Address (number, street, id) 
    values
        (?, ?, default)
Hibernate: 
    /* insert for
        no.hvl.dat250.jpa.tutorial.creditcards.Customer */insert 
    into
        Customer (name, id) 
    values
        (?, default)
Hibernate: 
    /* insert for
        no.hvl.dat250.jpa.tutorial.creditcards.Bank */insert 
    into
        Bank (name, id) 
    values
        (?, default)
Hibernate: 
    /* insert for
        no.hvl.dat250.jpa.tutorial.creditcards.Pincode */insert 
    into
        Pincode (count, pincode, id) 
    values
        (?, ?, default)
Hibernate: 
    /* insert for
        no.hvl.dat250.jpa.tutorial.creditcards.CreditCard */insert 
    into
        CreditCard (balance, creditLimit, number, bank_id, pincode_id, id) 
    values
        (?, ?, ?, ?, ?, default)
Hibernate: 
    /* insert for
        no.hvl.dat250.jpa.tutorial.creditcards.CreditCard */insert 
    into
        CreditCard (balance, creditLimit, number, bank_id, pincode_id, id) 
    values
        (?, ?, ?, ?, ?, default)
Hibernate: 
    /* insert for
        no.hvl.dat250.jpa.tutorial.creditcards.Customer.addresses */insert 
    into
        customer_address (customer_id, address_id) 
    values
        (?, ?)
Hibernate: 
    /* insert for
        no.hvl.dat250.jpa.tutorial.creditcards.Customer.creditCards */insert 
    into
        customer_creditcard (customer_id, creditcard_id) 
    values
        (?, ?)
Hibernate: 
    /* insert for
        no.hvl.dat250.jpa.tutorial.creditcards.Customer.creditCards */insert 
    into
        customer_creditcard (customer_id, creditcard_id) 
    values
        (?, ?)
Hibernate: 
    select
        c1_0.id,
        c1_0.name 
    from
        Customer c1_0 
    where
        c1_0.id=?
Hibernate: 
    select
        a1_0.customer_id,
        a1_1.id,
        a1_1.number,
        a1_1.street 
    from
        customer_address a1_0 
    join
        Address a1_1 
            on a1_1.id=a1_0.address_id 
    where
        a1_0.customer_id=?
Hibernate: 
    select
        o1_0.address_id,
        o1_1.id,
        o1_1.name 
    from
        customer_address o1_0 
    join
        Customer o1_1 
            on o1_1.id=o1_0.customer_id 
    where
        o1_0.address_id=?
Hibernate: 
    select
        cc1_0.customer_id,
        cc1_1.id,
        cc1_1.balance,
        cc1_1.creditLimit,
        cc1_1.number,
        ob1_0.id,
        ob1_0.name,
        p1_0.id,
        p1_0.count,
        p1_0.pincode 
    from
        customer_creditcard cc1_0 
    join
        CreditCard cc1_1 
            on cc1_1.id=cc1_0.creditcard_id 
    left join
        Bank ob1_0 
            on ob1_0.id=cc1_1.bank_id 
    left join
        Pincode p1_0 
            on p1_0.id=cc1_1.pincode_id 
    where
        cc1_0.customer_id=?
Hibernate: 
    select
        oc1_0.bank_id,
        oc1_0.id,
        oc1_0.balance,
        oc1_0.creditLimit,
        oc1_0.number,
        p1_0.id,
        p1_0.count,
        p1_0.pincode 
    from
        CreditCard oc1_0 
    left join
        Pincode p1_0 
            on p1_0.id=oc1_0.pincode_id 
    where
        oc1_0.bank_id=?
]]></system-out>
  <system-err><![CDATA[Oct 13, 2024 2:33:16 PM org.hibernate.jpa.internal.util.LogHelper logPersistenceUnitInformation
INFO: HHH000204: Processing PersistenceUnitInfo [name: jpa-tutorial]
Oct 13, 2024 2:33:16 PM org.hibernate.Version logVersion
INFO: HHH000412: Hibernate ORM core version 6.6.0.Final
Oct 13, 2024 2:33:16 PM org.hibernate.cache.internal.RegionFactoryInitiator initiateService
INFO: HHH000026: Second-level cache disabled
Oct 13, 2024 2:33:16 PM org.hibernate.engine.jdbc.connections.internal.DriverManagerConnectionProviderImpl configure
WARN: HHH10001002: Using built-in connection pool (not intended for production use)
Oct 13, 2024 2:33:17 PM org.hibernate.engine.jdbc.dialect.internal.DialectFactoryImpl constructDialect
WARN: HHH90000025: H2Dialect does not need to be specified explicitly using 'hibernate.dialect' (remove the property setting and it will be selected by default)
Oct 13, 2024 2:33:17 PM org.hibernate.engine.jdbc.env.internal.JdbcEnvironmentInitiator initiateService
INFO: HHH10001005: Database info:
	Database JDBC URL [jdbc:h2:file:./DB;DB_CLOSE_DELAY=-1]
	Database driver: org.h2.Driver
	Database version: 2.2.220
	Autocommit mode: false
	Isolation level: undefined/unknown
	Minimum pool size: 1
	Maximum pool size: 1
Oct 13, 2024 2:33:17 PM org.hibernate.engine.transaction.jta.platform.internal.JtaPlatformInitiator initiateService
INFO: HHH000489: No JTA platform available (set 'hibernate.transaction.jta.platform' to enable JTA platform integration)
Oct 13, 2024 2:33:17 PM org.hibernate.resource.transaction.backend.jdbc.internal.DdlTransactionIsolatorNonJtaImpl getIsolatedConnection
INFO: HHH10001501: Connection obtained from JdbcConnectionAccess [org.hibernate.engine.jdbc.env.internal.JdbcEnvironmentInitiator$ConnectionProviderJdbcConnectionAccess@729cd862] for (non-JTA) DDL execution was not in auto-commit mode; the Connection 'local transaction' will be committed and the Connection will be set into auto-commit mode.
Oct 13, 2024 2:33:17 PM org.hibernate.resource.transaction.backend.jdbc.internal.DdlTransactionIsolatorNonJtaImpl getIsolatedConnection
INFO: HHH10001501: Connection obtained from JdbcConnectionAccess [org.hibernate.engine.jdbc.env.internal.JdbcEnvironmentInitiator$ConnectionProviderJdbcConnectionAccess@50778bde] for (non-JTA) DDL execution was not in auto-commit mode; the Connection 'local transaction' will be committed and the Connection will be set into auto-commit mode.
Oct 13, 2024 2:33:17 PM org.hibernate.jpa.internal.util.LogHelper logPersistenceUnitInformation
INFO: HHH000204: Processing PersistenceUnitInfo [name: jpa-tutorial]
Oct 13, 2024 2:33:17 PM org.hibernate.cache.internal.RegionFactoryInitiator initiateService
INFO: HHH000026: Second-level cache disabled
Oct 13, 2024 2:33:17 PM org.hibernate.engine.jdbc.connections.internal.DriverManagerConnectionProviderImpl configure
WARN: HHH10001002: Using built-in connection pool (not intended for production use)
Oct 13, 2024 2:33:17 PM org.hibernate.engine.jdbc.dialect.internal.DialectFactoryImpl constructDialect
WARN: HHH90000025: H2Dialect does not need to be specified explicitly using 'hibernate.dialect' (remove the property setting and it will be selected by default)
Oct 13, 2024 2:33:17 PM org.hibernate.engine.jdbc.env.internal.JdbcEnvironmentInitiator initiateService
INFO: HHH10001005: Database info:
	Database JDBC URL [jdbc:h2:file:./DB;DB_CLOSE_DELAY=-1]
	Database driver: org.h2.Driver
	Database version: 2.2.220
	Autocommit mode: false
	Isolation level: undefined/unknown
	Minimum pool size: 1
	Maximum pool size: 1
Oct 13, 2024 2:33:17 PM org.hibernate.engine.transaction.jta.platform.internal.JtaPlatformInitiator initiateService
INFO: HHH000489: No JTA platform available (set 'hibernate.transaction.jta.platform' to enable JTA platform integration)
Oct 13, 2024 2:33:17 PM org.hibernate.resource.transaction.backend.jdbc.internal.DdlTransactionIsolatorNonJtaImpl getIsolatedConnection
INFO: HHH10001501: Connection obtained from JdbcConnectionAccess [org.hibernate.engine.jdbc.env.internal.JdbcEnvironmentInitiator$ConnectionProviderJdbcConnectionAccess@4f8659d0] for (non-JTA) DDL execution was not in auto-commit mode; the Connection 'local transaction' will be committed and the Connection will be set into auto-commit mode.
Oct 13, 2024 2:33:17 PM org.hibernate.resource.transaction.backend.jdbc.internal.DdlTransactionIsolatorNonJtaImpl getIsolatedConnection
INFO: HHH10001501: Connection obtained from JdbcConnectionAccess [org.hibernate.engine.jdbc.env.internal.JdbcEnvironmentInitiator$ConnectionProviderJdbcConnectionAccess@278fe428] for (non-JTA) DDL execution was not in auto-commit mode; the Connection 'local transaction' will be committed and the Connection will be set into auto-commit mode.
Oct 13, 2024 2:33:17 PM org.hibernate.engine.internal.StatisticalLoggingSessionEventListener end
INFO: Session Metrics {
    27109 nanoseconds spent acquiring 1 JDBC connections;
    77899 nanoseconds spent releasing 1 JDBC connections;
    2364290 nanoseconds spent preparing 9 JDBC statements;
    4586111 nanoseconds spent executing 9 JDBC statements;
    0 nanoseconds spent executing 0 JDBC batches;
    0 nanoseconds spent performing 0 L2C puts;
    0 nanoseconds spent performing 0 L2C hits;
    0 nanoseconds spent performing 0 L2C misses;
    9271569 nanoseconds spent executing 1 flushes (flushing a total of 6 entities and 7 collections);
    0 nanoseconds spent executing 0 pre-partial-flushes;
    0 nanoseconds spent executing 0 partial-flushes (flushing a total of 0 entities and 0 collections)
}
]]></system-err>
</testsuite>
